mode: atomic
github.com/Shopify/kubeaudit/internal/sarif/sarif.go:15.71,18.16 2 5
github.com/Shopify/kubeaudit/internal/sarif/sarif.go:23.2,29.57 4 5
github.com/Shopify/kubeaudit/internal/sarif/sarif.go:34.2,34.33 1 5
github.com/Shopify/kubeaudit/internal/sarif/sarif.go:85.2,88.16 3 5
github.com/Shopify/kubeaudit/internal/sarif/sarif.go:92.2,93.16 2 5
github.com/Shopify/kubeaudit/internal/sarif/sarif.go:97.2,97.19 1 5
github.com/Shopify/kubeaudit/internal/sarif/sarif.go:101.2,101.20 1 5
github.com/Shopify/kubeaudit/internal/sarif/sarif.go:18.16,20.3 1 0
github.com/Shopify/kubeaudit/internal/sarif/sarif.go:29.57,32.3 2 4
github.com/Shopify/kubeaudit/internal/sarif/sarif.go:34.33,43.9 5 5
github.com/Shopify/kubeaudit/internal/sarif/sarif.go:47.3,68.41 4 5
github.com/Shopify/kubeaudit/internal/sarif/sarif.go:72.3,82.24 4 5
github.com/Shopify/kubeaudit/internal/sarif/sarif.go:43.9,45.4 1 5
github.com/Shopify/kubeaudit/internal/sarif/sarif.go:68.41,70.4 1 1
github.com/Shopify/kubeaudit/internal/sarif/sarif.go:88.16,90.3 1 0
github.com/Shopify/kubeaudit/internal/sarif/sarif.go:93.16,95.3 1 0
github.com/Shopify/kubeaudit/internal/sarif/sarif.go:97.19,99.3 1 0
github.com/Shopify/kubeaudit/internal/sarif/sarif.go:106.69,111.8 4 7
github.com/Shopify/kubeaudit/internal/sarif/sarif.go:115.2,117.16 2 7
github.com/Shopify/kubeaudit/internal/sarif/sarif.go:121.2,121.20 1 7
github.com/Shopify/kubeaudit/internal/sarif/sarif.go:125.2,125.29 1 1
github.com/Shopify/kubeaudit/internal/sarif/sarif.go:111.8,113.3 1 7
github.com/Shopify/kubeaudit/internal/sarif/sarif.go:117.16,119.3 1 0
github.com/Shopify/kubeaudit/internal/sarif/sarif.go:121.20,123.3 1 6
